Error: Unable to access jarfile demo-0.0.1-SNAPSHOT.jar
Error: Unable to access jarfile /build/libs/demo-0.0.1-SNAPSHOT.jar

  .   ____          _            __ _ _
 /\\ / ___'_ __ _ _(_)_ __  __ _ \ \ \ \
( ( )\___ | '_ | '_| | '_ \/ _` | \ \ \ \
 \\/  ___)| |_)| | | | | || (_| |  ) ) ) )
  '  |____| .__|_| |_|_| |_\__, | / / / /
 =========|_|==============|___/=/_/_/_/
 :: Spring Boot ::                (v2.4.2)

07:59:26.313 INFO  [File:RepositoryConfigurationDelegate.java] [Func:registerRepositoriesIn] [Line:128] [Message:Bootstrapping Spring Data JPA repositories in DEFAULT mode.]- Bootstrapping Spring Data JPA repositories in DEFAULT mode.
07:59:26.346 INFO  [File:RepositoryConfigurationDelegate.java] [Func:registerRepositoriesIn] [Line:188] [Message:Finished Spring Data repository scanning in 17 ms. Found 0 JPA repository interfaces.]- Finished Spring Data repository scanning in 17 ms. Found 0 JPA repository interfaces.
07:59:27.980 INFO  [File:TomcatWebServer.java] [Func:initialize] [Line:108] [Message:Tomcat initialized with port(s): 9000 (http)]- Tomcat initialized with port(s): 9000 (http)
07:59:28.014 INFO  [File:DirectJDKLog.java] [Func:log] [Line:173] [Message:Initializing ProtocolHandler ["http-nio-9000"]]- Initializing ProtocolHandler ["http-nio-9000"]
07:59:28.016 INFO  [File:DirectJDKLog.java] [Func:log] [Line:173] [Message:Starting service [Tomcat]]- Starting service [Tomcat]
07:59:28.016 INFO  [File:DirectJDKLog.java] [Func:log] [Line:173] [Message:Starting Servlet engine: [Apache Tomcat/9.0.41]]- Starting Servlet engine: [Apache Tomcat/9.0.41]
07:59:28.163 INFO  [File:DirectJDKLog.java] [Func:log] [Line:173] [Message:Initializing Spring embedded WebApplicationContext]- Initializing Spring embedded WebApplicationContext
07:59:28.164 INFO  [File:ServletWebServerApplicationContext.java] [Func:prepareWebApplicationContext] [Line:289] [Message:Root WebApplicationContext: initialization completed in 3672 ms]- Root WebApplicationContext: initialization completed in 3672 ms
07:59:29.071 INFO  [File:HikariDataSource.java] [Func:getConnection] [Line:110] [Message:HikariPool-1 - Starting...]- HikariPool-1 - Starting...
07:59:30.003 INFO  [File:HikariDataSource.java] [Func:getConnection] [Line:123] [Message:HikariPool-1 - Start completed.]- HikariPool-1 - Start completed.
07:59:30.202 INFO  [File:LogHelper.java] [Func:logPersistenceUnitInformation] [Line:31] [Message:HHH000204: Processing PersistenceUnitInfo [name: default]]- HHH000204: Processing PersistenceUnitInfo [name: default]
07:59:30.438 INFO  [File:Version.java] [Func:logVersion] [Line:44] [Message:HHH000412: Hibernate ORM core version 5.4.27.Final]- HHH000412: Hibernate ORM core version 5.4.27.Final
07:59:30.975 INFO  [File:JavaReflectionManager.java] [Func:<clinit>] [Line:56] [Message:HCANN000001: Hibernate Commons Annotations {5.1.2.Final}]- HCANN000001: Hibernate Commons Annotations {5.1.2.Final}
07:59:31.302 INFO  [File:Dialect.java] [Func:<init>] [Line:175] [Message:HHH000400: Using dialect: org.hibernate.dialect.MySQL8Dialect]- HHH000400: Using dialect: org.hibernate.dialect.MySQL8Dialect

  .   ____          _            __ _ _
 /\\ / ___'_ __ _ _(_)_ __  __ _ \ \ \ \
( ( )\___ | '_ | '_| | '_ \/ _` | \ \ \ \
 \\/  ___)| |_)| | | | | || (_| |  ) ) ) )
  '  |____| .__|_| |_|_| |_\__, | / / / /
 =========|_|==============|___/=/_/_/_/
 :: Spring Boot ::                (v2.4.2)

08:00:03.053 INFO  [File:RepositoryConfigurationDelegate.java] [Func:registerRepositoriesIn] [Line:128] [Message:Bootstrapping Spring Data JPA repositories in DEFAULT mode.]- Bootstrapping Spring Data JPA repositories in DEFAULT mode.
08:00:03.110 INFO  [File:RepositoryConfigurationDelegate.java] [Func:registerRepositoriesIn] [Line:188] [Message:Finished Spring Data repository scanning in 22 ms. Found 0 JPA repository interfaces.]- Finished Spring Data repository scanning in 22 ms. Found 0 JPA repository interfaces.
08:00:05.119 INFO  [File:TomcatWebServer.java] [Func:initialize] [Line:108] [Message:Tomcat initialized with port(s): 9000 (http)]- Tomcat initialized with port(s): 9000 (http)
08:00:05.153 INFO  [File:DirectJDKLog.java] [Func:log] [Line:173] [Message:Initializing ProtocolHandler ["http-nio-9000"]]- Initializing ProtocolHandler ["http-nio-9000"]
08:00:05.155 INFO  [File:DirectJDKLog.java] [Func:log] [Line:173] [Message:Starting service [Tomcat]]- Starting service [Tomcat]
08:00:05.155 INFO  [File:DirectJDKLog.java] [Func:log] [Line:173] [Message:Starting Servlet engine: [Apache Tomcat/9.0.41]]- Starting Servlet engine: [Apache Tomcat/9.0.41]
08:00:05.304 INFO  [File:DirectJDKLog.java] [Func:log] [Line:173] [Message:Initializing Spring embedded WebApplicationContext]- Initializing Spring embedded WebApplicationContext
08:00:05.304 INFO  [File:ServletWebServerApplicationContext.java] [Func:prepareWebApplicationContext] [Line:289] [Message:Root WebApplicationContext: initialization completed in 5096 ms]- Root WebApplicationContext: initialization completed in 5096 ms
08:00:06.279 INFO  [File:HikariDataSource.java] [Func:getConnection] [Line:110] [Message:HikariPool-1 - Starting...]- HikariPool-1 - Starting...
08:00:07.175 INFO  [File:HikariDataSource.java] [Func:getConnection] [Line:123] [Message:HikariPool-1 - Start completed.]- HikariPool-1 - Start completed.
08:00:07.347 INFO  [File:LogHelper.java] [Func:logPersistenceUnitInformation] [Line:31] [Message:HHH000204: Processing PersistenceUnitInfo [name: default]]- HHH000204: Processing PersistenceUnitInfo [name: default]
08:00:07.592 INFO  [File:Version.java] [Func:logVersion] [Line:44] [Message:HHH000412: Hibernate ORM core version 5.4.27.Final]- HHH000412: Hibernate ORM core version 5.4.27.Final
08:00:08.136 INFO  [File:JavaReflectionManager.java] [Func:<clinit>] [Line:56] [Message:HCANN000001: Hibernate Commons Annotations {5.1.2.Final}]- HCANN000001: Hibernate Commons Annotations {5.1.2.Final}
08:00:08.468 INFO  [File:Dialect.java] [Func:<init>] [Line:175] [Message:HHH000400: Using dialect: org.hibernate.dialect.MySQL8Dialect]- HHH000400: Using dialect: org.hibernate.dialect.MySQL8Dialect
08:00:08.953 INFO  [File:JtaPlatformInitiator.java] [Func:initiateService] [Line:52] [Message:HHH000490: Using JtaPlatform implementation: [org.hibernate.engine.transaction.jta.platform.internal.NoJtaPlatform]]- HHH000490: Using JtaPlatform implementation: [org.hibernate.engine.transaction.jta.platform.internal.NoJtaPlatform]
08:00:08.979 INFO  [File:AbstractEntityManagerFactoryBean.java] [Func:buildNativeEntityManagerFactory] [Line:437] [Message:Initialized JPA EntityManagerFactory for persistence unit 'default']- Initialized JPA EntityManagerFactory for persistence unit 'default'
08:00:09.144 WARN  [File:JpaBaseConfiguration.java] [Func:openEntityManagerInViewInterceptor] [Line:221] [Message:spring.jpa.open-in-view is enabled by default. Therefore, database queries may be performed during view rendering. Explicitly configure spring.jpa.open-in-view to disable this warning]- spring.jpa.open-in-view is enabled by default. Therefore, database queries may be performed during view rendering. Explicitly configure spring.jpa.open-in-view to disable this warning
08:00:09.440 INFO  [File:UserDetailsServiceAutoConfiguration.java] [Func:getOrDeducePassword] [Line:86] [Message:

Using generated security password: 0e4a6bec-b91a-4572-aba6-53b30381e8ce
]- 

Using generated security password: 0e4a6bec-b91a-4572-aba6-53b30381e8ce

08:00:09.651 INFO  [File:DefaultSecurityFilterChain.java] [Func:<init>] [Line:51] [Message:Will secure any request with [org.springframework.security.web.context.request.async.WebAsyncManagerIntegrationFilter@7d199c68, org.springframework.security.web.context.SecurityContextPersistenceFilter@1de0a46c, org.springframework.security.web.header.HeaderWriterFilter@3eabe84a, org.springframework.security.web.authentication.logout.LogoutFilter@42c28305, org.springframework.security.web.savedrequest.RequestCacheAwareFilter@222afc67, org.springframework.security.web.servletapi.SecurityContextHolderAwareRequestFilter@149debbb, org.springframework.security.web.authentication.AnonymousAuthenticationFilter@63411512, org.springframework.security.web.session.SessionManagementFilter@3e1a3801, org.springframework.security.web.access.ExceptionTranslationFilter@2caa5d7c]]- Will secure any request with [org.springframework.security.web.context.request.async.WebAsyncManagerIntegrationFilter@7d199c68, org.springframework.security.web.context.SecurityContextPersistenceFilter@1de0a46c, org.springframework.security.web.header.HeaderWriterFilter@3eabe84a, org.springframework.security.web.authentication.logout.LogoutFilter@42c28305, org.springframework.security.web.savedrequest.RequestCacheAwareFilter@222afc67, org.springframework.security.web.servletapi.SecurityContextHolderAwareRequestFilter@149debbb, org.springframework.security.web.authentication.AnonymousAuthenticationFilter@63411512, org.springframework.security.web.session.SessionManagementFilter@3e1a3801, org.springframework.security.web.access.ExceptionTranslationFilter@2caa5d7c]
08:00:09.997 INFO  [File:ExecutorConfigurationSupport.java] [Func:initialize] [Line:181] [Message:Initializing ExecutorService 'applicationTaskExecutor']- Initializing ExecutorService 'applicationTaskExecutor'
08:00:10.534 INFO  [File:DirectJDKLog.java] [Func:log] [Line:173] [Message:Starting ProtocolHandler ["http-nio-9000"]]- Starting ProtocolHandler ["http-nio-9000"]
08:00:10.580 INFO  [File:TomcatWebServer.java] [Func:start] [Line:220] [Message:Tomcat started on port(s): 9000 (http) with context path '']- Tomcat started on port(s): 9000 (http) with context path ''
HEAP Size(M) : 34 MB
08:00:11.078 INFO  [File:DirectJDKLog.java] [Func:log] [Line:173] [Message:Initializing Spring DispatcherServlet 'dispatcherServlet']- Initializing Spring DispatcherServlet 'dispatcherServlet'
08:00:11.079 INFO  [File:FrameworkServlet.java] [Func:initServletBean] [Line:525] [Message:Initializing Servlet 'dispatcherServlet']- Initializing Servlet 'dispatcherServlet'
08:00:11.083 INFO  [File:FrameworkServlet.java] [Func:initServletBean] [Line:547] [Message:Completed initialization in 4 ms]- Completed initialization in 4 ms
테스트
08:00:11.306 WARN  [File:TestController.java] [Func:getAll] [Line:35] [Message:Warn Level 테스트]- Warn Level 테스트
08:00:11.308 ERROR [File:TestController.java] [Func:getAll] [Line:38] [Message:ERROR Level 테스트]- ERROR Level 테스트
테스트
08:00:11.462 WARN  [File:TestController.java] [Func:getAll] [Line:35] [Message:Warn Level 테스트]- Warn Level 테스트
08:00:11.463 ERROR [File:TestController.java] [Func:getAll] [Line:38] [Message:ERROR Level 테스트]- ERROR Level 테스트
테스트
08:00:12.290 WARN  [File:TestController.java] [Func:getAll] [Line:35] [Message:Warn Level 테스트]- Warn Level 테스트
08:00:12.291 ERROR [File:TestController.java] [Func:getAll] [Line:38] [Message:ERROR Level 테스트]- ERROR Level 테스트
10:12:04.526 WARN  [File:HikariPool.java] [Func:run] [Line:787] [Message:HikariPool-1 - Thread starvation or clock leap detected (housekeeper delta=2h12m34s422ms400µs786ns).]- HikariPool-1 - Thread starvation or clock leap detected (housekeeper delta=2h12m34s422ms400µs786ns).
10:12:05.104 INFO  [File:JtaPlatformInitiator.java] [Func:initiateService] [Line:52] [Message:HHH000490: Using JtaPlatform implementation: [org.hibernate.engine.transaction.jta.platform.internal.NoJtaPlatform]]- HHH000490: Using JtaPlatform implementation: [org.hibernate.engine.transaction.jta.platform.internal.NoJtaPlatform]
10:12:05.157 INFO  [File:AbstractEntityManagerFactoryBean.java] [Func:buildNativeEntityManagerFactory] [Line:437] [Message:Initialized JPA EntityManagerFactory for persistence unit 'default']- Initialized JPA EntityManagerFactory for persistence unit 'default'
10:12:05.319 WARN  [File:JpaBaseConfiguration.java] [Func:openEntityManagerInViewInterceptor] [Line:221] [Message:spring.jpa.open-in-view is enabled by default. Therefore, database queries may be performed during view rendering. Explicitly configure spring.jpa.open-in-view to disable this warning]- spring.jpa.open-in-view is enabled by default. Therefore, database queries may be performed during view rendering. Explicitly configure spring.jpa.open-in-view to disable this warning
10:12:05.609 INFO  [File:UserDetailsServiceAutoConfiguration.java] [Func:getOrDeducePassword] [Line:86] [Message:

Using generated security password: 06d13a82-eeb2-4c5e-9b7b-332b20930dcf
]- 

Using generated security password: 06d13a82-eeb2-4c5e-9b7b-332b20930dcf

10:12:05.811 INFO  [File:DefaultSecurityFilterChain.java] [Func:<init>] [Line:51] [Message:Will secure any request with [org.springframework.security.web.context.request.async.WebAsyncManagerIntegrationFilter@42c28305, org.springframework.security.web.context.SecurityContextPersistenceFilter@3e1a3801, org.springframework.security.web.header.HeaderWriterFilter@2caa5d7c, org.springframework.security.web.authentication.logout.LogoutFilter@23eff5d1, org.springframework.security.web.savedrequest.RequestCacheAwareFilter@1de0a46c, org.springframework.security.web.servletapi.SecurityContextHolderAwareRequestFilter@54f4a7f0, org.springframework.security.web.authentication.AnonymousAuthenticationFilter@2184b4f4, org.springframework.security.web.session.SessionManagementFilter@3f049056, org.springframework.security.web.access.ExceptionTranslationFilter@5fe7f967]]- Will secure any request with [org.springframework.security.web.context.request.async.WebAsyncManagerIntegrationFilter@42c28305, org.springframework.security.web.context.SecurityContextPersistenceFilter@3e1a3801, org.springframework.security.web.header.HeaderWriterFilter@2caa5d7c, org.springframework.security.web.authentication.logout.LogoutFilter@23eff5d1, org.springframework.security.web.savedrequest.RequestCacheAwareFilter@1de0a46c, org.springframework.security.web.servletapi.SecurityContextHolderAwareRequestFilter@54f4a7f0, org.springframework.security.web.authentication.AnonymousAuthenticationFilter@2184b4f4, org.springframework.security.web.session.SessionManagementFilter@3f049056, org.springframework.security.web.access.ExceptionTranslationFilter@5fe7f967]
10:12:06.137 INFO  [File:ExecutorConfigurationSupport.java] [Func:initialize] [Line:181] [Message:Initializing ExecutorService 'applicationTaskExecutor']- Initializing ExecutorService 'applicationTaskExecutor'
10:12:06.674 WARN  [File:AbstractApplicationContext.java] [Func:refresh] [Line:596] [Message:Exception encountered during context initialization - cancelling refresh attempt: org.springframework.context.ApplicationContextException: Failed to start bean 'webServerStartStop'; nested exception is org.springframework.boot.web.server.PortInUseException: Port 9000 is already in use]- Exception encountered during context initialization - cancelling refresh attempt: org.springframework.context.ApplicationContextException: Failed to start bean 'webServerStartStop'; nested exception is org.springframework.boot.web.server.PortInUseException: Port 9000 is already in use
10:12:06.675 INFO  [File:ExecutorConfigurationSupport.java] [Func:shutdown] [Line:218] [Message:Shutting down ExecutorService 'applicationTaskExecutor']- Shutting down ExecutorService 'applicationTaskExecutor'
10:12:06.681 INFO  [File:AbstractEntityManagerFactoryBean.java] [Func:destroy] [Line:651] [Message:Closing JPA EntityManagerFactory for persistence unit 'default']- Closing JPA EntityManagerFactory for persistence unit 'default'
10:12:06.689 INFO  [File:HikariDataSource.java] [Func:close] [Line:350] [Message:HikariPool-1 - Shutdown initiated...]- HikariPool-1 - Shutdown initiated...
10:12:06.713 INFO  [File:HikariDataSource.java] [Func:close] [Line:352] [Message:HikariPool-1 - Shutdown completed.]- HikariPool-1 - Shutdown completed.
12:53:07.438 INFO  [File:DirectJDKLog.java] [Func:log] [Line:175] [Message:Error parsing HTTP request header
 Note: further occurrences of HTTP request parsing errors will be logged at DEBUG level.]- Error parsing HTTP request header
 Note: further occurrences of HTTP request parsing errors will be logged at DEBUG level.
java.lang.IllegalArgumentException: Invalid character found in method name [0x010x010x000x010x000x080x000x000x000x010x000x000x000x000x000x000x010x040x000x010x010xc20x060x000x0b0x09SERVER_NAMElocalhost0x0e0x02CONTENT_LENGTH520x110x0bGATEWAY_INTERFACEFastCGI/1.00x0b0x02SERVER_PORT800x0c0x10CONTENT_TYPEapplication/text0x0e0x04REQUEST_METHODPOST0x0b0x12SCRIPT_NAME/usr/bin/phar.phar0x0b0x09REMOTE_ADDR127.0.0.10x0b0x09SERVER_ADDR127.0.0.10x0f0x08SERVER_PROTOCOLHTTP/1.10x0f0x12SCRIPT_FILENAME/usr/bin/phar.phar0x0c0x00QUERY_STRING0x0d0x01DOCUMENT_ROOT/0x0f0x0eSERVER_SOFTWAREphp/fcgiclient0x0b0x04REMOTE_PORT99850x094PHP_VALUEauto_prepend_file]. HTTP method names must be tokens
	at org.apache.coyote.http11.Http11InputBuffer.parseRequestLine(Http11InputBuffer.java:417)
	at org.apache.coyote.http11.Http11Processor.service(Http11Processor.java:261)
	at org.apache.coyote.AbstractProcessorLight.process(AbstractProcessorLight.java:65)
	at org.apache.coyote.AbstractProtocol$ConnectionHandler.process(AbstractProtocol.java:888)
	at org.apache.tomcat.util.net.NioEndpoint$SocketProcessor.doRun(NioEndpoint.java:1597)
	at org.apache.tomcat.util.net.SocketProcessorBase.run(SocketProcessorBase.java:49)
	at java.base/java.util.concurrent.ThreadPoolExecutor.runWorker(ThreadPoolExecutor.java:1128)
	at java.base/java.util.concurrent.ThreadPoolExecutor$Worker.run(ThreadPoolExecutor.java:628)
	at org.apache.tomcat.util.threads.TaskThread$WrappingRunnable.run(TaskThread.java:61)
	at java.base/java.lang.Thread.run(Thread.java:829)
테스트
13:16:00.731 WARN  [File:TestController.java] [Func:getAll] [Line:35] [Message:Warn Level 테스트]- Warn Level 테스트
13:16:00.733 ERROR [File:TestController.java] [Func:getAll] [Line:38] [Message:ERROR Level 테스트]- ERROR Level 테스트
테스트
13:31:41.705 WARN  [File:TestController.java] [Func:getAll] [Line:35] [Message:Warn Level 테스트]- Warn Level 테스트
13:31:41.706 ERROR [File:TestController.java] [Func:getAll] [Line:38] [Message:ERROR Level 테스트]- ERROR Level 테스트
테스트
13:32:10.701 WARN  [File:TestController.java] [Func:getAll] [Line:35] [Message:Warn Level 테스트]- Warn Level 테스트
13:32:10.701 ERROR [File:TestController.java] [Func:getAll] [Line:38] [Message:ERROR Level 테스트]- ERROR Level 테스트
테스트
13:37:51.410 WARN  [File:TestController.java] [Func:getAll] [Line:35] [Message:Warn Level 테스트]- Warn Level 테스트
13:37:51.411 ERROR [File:TestController.java] [Func:getAll] [Line:38] [Message:ERROR Level 테스트]- ERROR Level 테스트
테스트
14:52:01.644 WARN  [File:TestController.java] [Func:getAll] [Line:35] [Message:Warn Level 테스트]- Warn Level 테스트
14:52:01.645 ERROR [File:TestController.java] [Func:getAll] [Line:38] [Message:ERROR Level 테스트]- ERROR Level 테스트
테스트
14:52:20.592 WARN  [File:TestController.java] [Func:getAll] [Line:35] [Message:Warn Level 테스트]- Warn Level 테스트
14:52:20.592 ERROR [File:TestController.java] [Func:getAll] [Line:38] [Message:ERROR Level 테스트]- ERROR Level 테스트
테스트
14:52:43.180 WARN  [File:TestController.java] [Func:getAll] [Line:35] [Message:Warn Level 테스트]- Warn Level 테스트
14:52:43.180 ERROR [File:TestController.java] [Func:getAll] [Line:38] [Message:ERROR Level 테스트]- ERROR Level 테스트
테스트
14:52:43.197 WARN  [File:TestController.java] [Func:getAll] [Line:35] [Message:Warn Level 테스트]- Warn Level 테스트
14:52:43.197 ERROR [File:TestController.java] [Func:getAll] [Line:38] [Message:ERROR Level 테스트]- ERROR Level 테스트
테스트
15:07:57.766 WARN  [File:TestController.java] [Func:getAll] [Line:35] [Message:Warn Level 테스트]- Warn Level 테스트
15:07:57.766 ERROR [File:TestController.java] [Func:getAll] [Line:38] [Message:ERROR Level 테스트]- ERROR Level 테스트
